  main.cpp
c:\users\noname\documents\visual studio 2017\projects\gradingprogram\gradingprogram\main.cpp(44): warning C4013: 'gets' undefined; assuming extern returning int
c:\users\noname\documents\visual studio 2017\projects\gradingprogram\gradingprogram\main.cpp(676): warning C4129: '%': unrecognized character escape sequence
c:\users\noname\documents\visual studio 2017\projects\gradingprogram\gradingprogram\main.cpp(46): warning C4996: 'scanf': This function or variable may be unsafe. Consider using scanf_s instead. To disable deprecation, use _CRT_SECURE_NO_WARNINGS. See online help for details.
  c:\program files (x86)\windows kits\10\include\10.0.14393.0\ucrt\stdio.h(1269): note: see declaration of 'scanf'
c:\users\noname\documents\visual studio 2017\projects\gradingprogram\gradingprogram\main.cpp(104): warning C4996: 'scanf': This function or variable may be unsafe. Consider using scanf_s instead. To disable deprecation, use _CRT_SECURE_NO_WARNINGS. See online help for details.
  c:\program files (x86)\windows kits\10\include\10.0.14393.0\ucrt\stdio.h(1269): note: see declaration of 'scanf'
c:\users\noname\documents\visual studio 2017\projects\gradingprogram\gradingprogram\main.cpp(119): warning C4996: 'scanf': This function or variable may be unsafe. Consider using scanf_s instead. To disable deprecation, use _CRT_SECURE_NO_WARNINGS. See online help for details.
  c:\program files (x86)\windows kits\10\include\10.0.14393.0\ucrt\stdio.h(1269): note: see declaration of 'scanf'
c:\users\noname\documents\visual studio 2017\projects\gradingprogram\gradingprogram\main.cpp(129): warning C4996: 'scanf': This function or variable may be unsafe. Consider using scanf_s instead. To disable deprecation, use _CRT_SECURE_NO_WARNINGS. See online help for details.
  c:\program files (x86)\windows kits\10\include\10.0.14393.0\ucrt\stdio.h(1269): note: see declaration of 'scanf'
c:\users\noname\documents\visual studio 2017\projects\gradingprogram\gradingprogram\main.cpp(179): warning C4996: 'scanf': This function or variable may be unsafe. Consider using scanf_s instead. To disable deprecation, use _CRT_SECURE_NO_WARNINGS. See online help for details.
  c:\program files (x86)\windows kits\10\include\10.0.14393.0\ucrt\stdio.h(1269): note: see declaration of 'scanf'
c:\users\noname\documents\visual studio 2017\projects\gradingprogram\gradingprogram\main.cpp(194): warning C4996: 'scanf': This function or variable may be unsafe. Consider using scanf_s instead. To disable deprecation, use _CRT_SECURE_NO_WARNINGS. See online help for details.
  c:\program files (x86)\windows kits\10\include\10.0.14393.0\ucrt\stdio.h(1269): note: see declaration of 'scanf'
c:\users\noname\documents\visual studio 2017\projects\gradingprogram\gradingprogram\main.cpp(204): warning C4996: 'scanf': This function or variable may be unsafe. Consider using scanf_s instead. To disable deprecation, use _CRT_SECURE_NO_WARNINGS. See online help for details.
  c:\program files (x86)\windows kits\10\include\10.0.14393.0\ucrt\stdio.h(1269): note: see declaration of 'scanf'
c:\users\noname\documents\visual studio 2017\projects\gradingprogram\gradingprogram\main.cpp(253): warning C4996: 'scanf': This function or variable may be unsafe. Consider using scanf_s instead. To disable deprecation, use _CRT_SECURE_NO_WARNINGS. See online help for details.
  c:\program files (x86)\windows kits\10\include\10.0.14393.0\ucrt\stdio.h(1269): note: see declaration of 'scanf'
c:\users\noname\documents\visual studio 2017\projects\gradingprogram\gradingprogram\main.cpp(268): warning C4996: 'scanf': This function or variable may be unsafe. Consider using scanf_s instead. To disable deprecation, use _CRT_SECURE_NO_WARNINGS. See online help for details.
  c:\program files (x86)\windows kits\10\include\10.0.14393.0\ucrt\stdio.h(1269): note: see declaration of 'scanf'
c:\users\noname\documents\visual studio 2017\projects\gradingprogram\gradingprogram\main.cpp(278): warning C4996: 'scanf': This function or variable may be unsafe. Consider using scanf_s instead. To disable deprecation, use _CRT_SECURE_NO_WARNINGS. See online help for details.
  c:\program files (x86)\windows kits\10\include\10.0.14393.0\ucrt\stdio.h(1269): note: see declaration of 'scanf'
c:\users\noname\documents\visual studio 2017\projects\gradingprogram\gradingprogram\main.cpp(326): warning C4996: 'scanf': This function or variable may be unsafe. Consider using scanf_s instead. To disable deprecation, use _CRT_SECURE_NO_WARNINGS. See online help for details.
  c:\program files (x86)\windows kits\10\include\10.0.14393.0\ucrt\stdio.h(1269): note: see declaration of 'scanf'
c:\users\noname\documents\visual studio 2017\projects\gradingprogram\gradingprogram\main.cpp(341): warning C4996: 'scanf': This function or variable may be unsafe. Consider using scanf_s instead. To disable deprecation, use _CRT_SECURE_NO_WARNINGS. See online help for details.
  c:\program files (x86)\windows kits\10\include\10.0.14393.0\ucrt\stdio.h(1269): note: see declaration of 'scanf'
c:\users\noname\documents\visual studio 2017\projects\gradingprogram\gradingprogram\main.cpp(351): warning C4996: 'scanf': This function or variable may be unsafe. Consider using scanf_s instead. To disable deprecation, use _CRT_SECURE_NO_WARNINGS. See online help for details.
  c:\program files (x86)\windows kits\10\include\10.0.14393.0\ucrt\stdio.h(1269): note: see declaration of 'scanf'
c:\users\noname\documents\visual studio 2017\projects\gradingprogram\gradingprogram\main.cpp(399): warning C4996: 'scanf': This function or variable may be unsafe. Consider using scanf_s instead. To disable deprecation, use _CRT_SECURE_NO_WARNINGS. See online help for details.
  c:\program files (x86)\windows kits\10\include\10.0.14393.0\ucrt\stdio.h(1269): note: see declaration of 'scanf'
c:\users\noname\documents\visual studio 2017\projects\gradingprogram\gradingprogram\main.cpp(414): warning C4996: 'scanf': This function or variable may be unsafe. Consider using scanf_s instead. To disable deprecation, use _CRT_SECURE_NO_WARNINGS. See online help for details.
  c:\program files (x86)\windows kits\10\include\10.0.14393.0\ucrt\stdio.h(1269): note: see declaration of 'scanf'
c:\users\noname\documents\visual studio 2017\projects\gradingprogram\gradingprogram\main.cpp(424): warning C4996: 'scanf': This function or variable may be unsafe. Consider using scanf_s instead. To disable deprecation, use _CRT_SECURE_NO_WARNINGS. See online help for details.
  c:\program files (x86)\windows kits\10\include\10.0.14393.0\ucrt\stdio.h(1269): note: see declaration of 'scanf'
c:\users\noname\documents\visual studio 2017\projects\gradingprogram\gradingprogram\main.cpp(482): warning C4996: 'scanf': This function or variable may be unsafe. Consider using scanf_s instead. To disable deprecation, use _CRT_SECURE_NO_WARNINGS. See online help for details.
  c:\program files (x86)\windows kits\10\include\10.0.14393.0\ucrt\stdio.h(1269): note: see declaration of 'scanf'
c:\users\noname\documents\visual studio 2017\projects\gradingprogram\gradingprogram\main.cpp(497): warning C4996: 'scanf': This function or variable may be unsafe. Consider using scanf_s instead. To disable deprecation, use _CRT_SECURE_NO_WARNINGS. See online help for details.
  c:\program files (x86)\windows kits\10\include\10.0.14393.0\ucrt\stdio.h(1269): note: see declaration of 'scanf'
c:\users\noname\documents\visual studio 2017\projects\gradingprogram\gradingprogram\main.cpp(507): warning C4996: 'scanf': This function or variable may be unsafe. Consider using scanf_s instead. To disable deprecation, use _CRT_SECURE_NO_WARNINGS. See online help for details.
  c:\program files (x86)\windows kits\10\include\10.0.14393.0\ucrt\stdio.h(1269): note: see declaration of 'scanf'
c:\users\noname\documents\visual studio 2017\projects\gradingprogram\gradingprogram\main.cpp(564): warning C4996: 'scanf': This function or variable may be unsafe. Consider using scanf_s instead. To disable deprecation, use _CRT_SECURE_NO_WARNINGS. See online help for details.
  c:\program files (x86)\windows kits\10\include\10.0.14393.0\ucrt\stdio.h(1269): note: see declaration of 'scanf'
c:\users\noname\documents\visual studio 2017\projects\gradingprogram\gradingprogram\main.cpp(579): warning C4996: 'scanf': This function or variable may be unsafe. Consider using scanf_s instead. To disable deprecation, use _CRT_SECURE_NO_WARNINGS. See online help for details.
  c:\program files (x86)\windows kits\10\include\10.0.14393.0\ucrt\stdio.h(1269): note: see declaration of 'scanf'
c:\users\noname\documents\visual studio 2017\projects\gradingprogram\gradingprogram\main.cpp(589): warning C4996: 'scanf': This function or variable may be unsafe. Consider using scanf_s instead. To disable deprecation, use _CRT_SECURE_NO_WARNINGS. See online help for details.
  c:\program files (x86)\windows kits\10\include\10.0.14393.0\ucrt\stdio.h(1269): note: see declaration of 'scanf'
  GradingProgram.vcxproj -> c:\users\noname\documents\visual studio 2017\Projects\GradingProgram\Debug\GradingProgram.exe
  GradingProgram.vcxproj -> c:\users\noname\documents\visual studio 2017\Projects\GradingProgram\Debug\GradingProgram.pdb (Partial PDB)
